Build started 1/27/2017 5:47:30 PM.
     1>Project "C:\Allevate\Face-Searcher\AureusEdge\AureusEdge.vcxproj" on node 2 (Rebuild target(s)).
     1>ClCompile:
         C:\Program Files (x86)\Microsoft Visual Studio 12.0\VC\bin\x86_amd64\CL.exe /c /I../Aureus /Zi /nologo /W3 /WX- /O2 /Oi /GL /D WIN32 /D NDEBUG /D _CONSOLE /D _LIB /D _CRT_SECURE_NO_WARNINGS /D _UNICODE /D UNICODE /Gm- /EHsc /MT /GS /Gy /fp:precise /Zc:wchar_t /Zc:forScope /Fo"x64\Release\\" /Fd"x64\Release\vc120.pdb" /Gd /TP /errorReport:prompt AureusEdge.cpp Camera.cpp cxutils.cpp EmailConfig.cpp filehandling.cpp stdafx.cpp tinystr.cpp tinyxml.cpp tinyxmlerror.cpp tinyxmlparser.cpp xmlhandling.cpp
         AureusEdge.cpp
         Camera.cpp
         cxutils.cpp
         EmailConfig.cpp
         filehandling.cpp
         stdafx.cpp
         tinystr.cpp
         tinyxml.cpp
         tinyxmlerror.cpp
         tinyxmlparser.cpp
         xmlhandling.cpp
       Link:
         C:\Program Files (x86)\Microsoft Visual Studio 12.0\VC\bin\x86_amd64\link.exe /ERRORREPORT:PROMPT /OUT:"C:\Allevate\Face-Searcher\x64\Release\AureusEdge.exe" /INCREMENTAL:NO /NOLOGO /LIBPATH:"C:\Allevate\Face-Searcher\x64\Release\\" Aureus.lib jpeg.lib kernel32.lib user32.lib gdi32.lib winspool.lib comdlg32.lib advapi32.lib shell32.lib ole32.lib oleaut32.lib uuid.lib odbc32.lib odbccp32.lib kernel32.lib user32.lib gdi32.lib winspool.lib comdlg32.lib advapi32.lib shell32.lib ole32.lib oleaut32.lib uuid.lib odbc32.lib odbccp32.lib kernel32.lib user32.lib gdi32.lib winspool.lib comdlg32.lib advapi32.lib shell32.lib ole32.lib oleaut32.lib uuid.lib odbc32.lib odbccp32.lib /MANIFEST /MANIFESTUAC:"level='asInvoker' uiAccess='false'" /manifest:embed /PDB:"C:\Allevate\Face-Searcher\x64\Release\AureusEdge.pdb" /SUBSYSTEM:CONSOLE /OPT:REF /OPT:ICF /LTCG /TLBID:1 /DYNAMICBASE /NXCOMPAT /IMPLIB:"C:\Allevate\Face-Searcher\x64\Release\AureusEdge.lib" /MACHINE:X64 x64\Release\AureusEdge.obj
         x64\Release\Camera.obj
         x64\Release\cxutils.obj
         x64\Release\EmailConfig.obj
         x64\Release\filehandling.obj
         x64\Release\stdafx.obj
         x64\Release\tinystr.obj
         x64\Release\tinyxml.obj
         x64\Release\tinyxmlerror.obj
         x64\Release\tinyxmlparser.obj
         x64\Release\xmlhandling.obj
         Generating code
         Finished generating code
         AureusEdge.vcxproj -> C:\Allevate\Face-Searcher\x64\Release\AureusEdge.exe
     1>Done Building Project "C:\Allevate\Face-Searcher\AureusEdge\AureusEdge.vcxproj" (Rebuild target(s)).

Build succeeded.

Time Elapsed 00:00:08.51
